<?xml version="1.0" encoding="UTF-8"?>
<!-- Generated by org.testng.reporters.JUnitReportReporter -->
<testsuite hostname="ISIPL-PUNV-L097" name="Testcases.testSuit1" tests="1" failures="0" timestamp="10 Jan 2019 10:37:19 GMT" time="16.787" errors="0">
  <testcase name="loginToApp" time="16.787" classname="Testcases.testSuit1"/>
</testsuite> <!-- Testcases.testSuit1 -->
