<?xml version="1.0" encoding="UTF-8"?>
<!-- Generated by org.testng.reporters.JUnitReportReporter -->
<testsuite hostname="ISIPL-PUNV-L097" name="Testcases.Suite2Test" tests="2" failures="0" timestamp="10 Jan 2019 11:27:18 GMT" time="0.001" errors="0">
  <testcase name="add" time="0.001" classname="Testcases.Suite2Test"/>
  <testcase name="sub" time="0.000" classname="Testcases.Suite2Test"/>
</testsuite> <!-- Testcases.Suite2Test -->
