<?xml version="1.0" encoding="UTF-8"?>
<!-- Generated by org.testng.reporters.JUnitReportReporter -->
<testsuite hostname="ISIPL-PUNV-L097" name="Testcases.Suite1Test" tests="3" failures="0" timestamp="10 Jan 2019 11:27:18 GMT" time="44.049" errors="0">
  <testcase name="loginToApp" time="12.664" classname="Testcases.Suite1Test"/>
  <testcase name="addToCart" time="16.602" classname="Testcases.Suite1Test"/>
  <testcase name="SearchProduct" time="14.783" classname="Testcases.Suite1Test"/>
</testsuite> <!-- Testcases.Suite1Test -->
